<?xml version="1.0" encoding="UTF-8"?>
<!-- Generated by org.testng.reporters.JUnitXMLReporter -->
<testsuite ignored="4" hostname="LIN-5CG1346B6N" failures="0" tests="4" name="GenerateEmployeeLeaveReport" time="45.852" errors="0" timestamp="2024-01-06T23:04:55 IST">
  <testcase classname="OrangeHRMQA.ReusableComponent" name="login" time="8.215"/>
  <testcase classname="OrangeHRMQA.ReusableComponent" name="dashboardAssertionUponLogin" time="0.048"/>
  <testcase classname="OrangeHRMQA.ReusableComponent" name="navigateToLeavesScreen" time="3.879"/>
  <testcase classname="OrangeHRMQA.ReusableComponent" name="generateEmployeeLeaveReport" time="22.938"/>
  <testcase classname="OrangeHRMQA.ReusableComponent" name="invalidLogin" time="0.0">
    <ignored/>
  </testcase> <!-- invalidLogin -->
  <testcase classname="OrangeHRMQA.ReusableComponent" name="generateMyLeaveReport" time="0.0">
    <ignored/>
  </testcase> <!-- generateMyLeaveReport -->
  <testcase classname="OrangeHRMQA.ReusableComponent" name="validaterequiredFields" time="0.0">
    <ignored/>
  </testcase> <!-- validaterequiredFields -->
  <testcase classname="OrangeHRMQA.ReusableComponent" name="assignLeavesToUser" time="0.0">
    <ignored/>
  </testcase> <!-- assignLeavesToUser -->
</testsuite> <!-- GenerateEmployeeLeaveReport -->
