<?xml version="1.0" encoding="UTF-8"?>
<!-- Generated by org.testng.reporters.JUnitXMLReporter -->
<testsuite ignored="4" hostname="LIN-5CG1346B6N" failures="0" tests="4" name="GenerateMyLeaveReport" time="63.142" errors="0" timestamp="2024-01-20T15:21:15 IST">
  <testcase classname="OrangeHRMQA.ReusableComponent" name="login" time="8.206"/>
  <testcase classname="OrangeHRMQA.ReusableComponent" name="dashboardAssertionUponLogin" time="0.074"/>
  <testcase classname="OrangeHRMQA.ReusableComponent" name="navigateToLeavesScreen" time="4.726"/>
  <testcase classname="OrangeHRMQA.ReusableComponent" name="generateMyLeaveReport" time="15.292"/>
  <testcase classname="OrangeHRMQA.ReusableComponent" name="assignLeavesToUser" time="0.0">
    <ignored/>
  </testcase> <!-- assignLeavesToUser -->
  <testcase classname="OrangeHRMQA.ReusableComponent" name="invalidLogin" time="0.0">
    <ignored/>
  </testcase> <!-- invalidLogin -->
  <testcase classname="OrangeHRMQA.ReusableComponent" name="generateEmployeeLeaveReport" time="0.0">
    <ignored/>
  </testcase> <!-- generateEmployeeLeaveReport -->
  <testcase classname="OrangeHRMQA.ReusableComponent" name="validaterequiredFields" time="0.0">
    <ignored/>
  </testcase> <!-- validaterequiredFields -->
</testsuite> <!-- GenerateMyLeaveReport -->
