<?xml version="1.0" encoding="UTF-8"?>
<!-- Generated by org.testng.reporters.JUnitXMLReporter -->
<testsuite ignored="3" hostname="LIN-5CG1346B6N" failures="0" tests="4" name="GenerateLeaveReport" time="45.945" errors="0" timestamp="2024-01-06T22:53:07 IST">
  <testcase classname="OrangeHRMQA.ReusableComponent" name="login" time="8.237"/>
  <testcase classname="OrangeHRMQA.ReusableComponent" name="dashboardAssertionUponLogin" time="0.058"/>
  <testcase classname="OrangeHRMQA.ReusableComponent" name="navigateToLeavesScreen" time="3.96"/>
  <testcase classname="OrangeHRMQA.ReusableComponent" name="generateLeaveReport" time="22.999"/>
  <testcase classname="OrangeHRMQA.ReusableComponent" name="validaterequiredFields" time="0.0">
    <ignored/>
  </testcase> <!-- validaterequiredFields -->
  <testcase classname="OrangeHRMQA.ReusableComponent" name="assignLeavesToUser" time="0.0">
    <ignored/>
  </testcase> <!-- assignLeavesToUser -->
  <testcase classname="OrangeHRMQA.ReusableComponent" name="invalidLogin" time="0.0">
    <ignored/>
  </testcase> <!-- invalidLogin -->
</testsuite> <!-- GenerateLeaveReport -->
