<?xml version="1.0" encoding="UTF-8"?>
<!-- Generated by org.testng.reporters.JUnitXMLReporter -->
<testsuite ignored="3" hostname="LIN-5CG1346B6N" failures="0" tests="4" name="SuccessfulLogin" time="45.766" errors="0" timestamp="2024-01-06T15:24:42 IST">
  <testcase classname="OrangeHRMQA.ReusableComponent" name="login" time="8.218"/>
  <testcase classname="OrangeHRMQA.ReusableComponent" name="dashboardAssertionUponLogin" time="0.072"/>
  <testcase classname="OrangeHRMQA.ReusableComponent" name="navigateToLeavesScreen" time="4.732"/>
  <testcase classname="OrangeHRMQA.ReusableComponent" name="generateLeaveReport" time="21.839"/>
  <testcase classname="OrangeHRMQA.ReusableComponent" name="assignLeavesToUser" time="0.0">
    <ignored/>
  </testcase> <!-- assignLeavesToUser -->
  <testcase classname="OrangeHRMQA.ReusableComponent" name="invalidLogin" time="0.0">
    <ignored/>
  </testcase> <!-- invalidLogin -->
  <testcase classname="OrangeHRMQA.ReusableComponent" name="validaterequiredFields" time="0.0">
    <ignored/>
  </testcase> <!-- validaterequiredFields -->
</testsuite> <!-- SuccessfulLogin -->
