<?xml version="1.0" encoding="UTF-8"?>
<testng-results ignored="0" total="4" passed="4" failed="0" skipped="0">
  <reporter-output>
  </reporter-output>
  <suite started-at="2024-01-20T15:20:12 IST" name="Suite" finished-at="2024-01-20T15:21:15 IST" duration-ms="63142">
    <groups>
    </groups>
    <test started-at="2024-01-20T15:20:12 IST" name="GenerateMyLeaveReport" finished-at="2024-01-20T15:21:15 IST" duration-ms="63142">
      <class name="OrangeHRMQA.ReusableComponent">
        <test-method is-config="true" signature="browserInitialization()[pri:0, instance:OrangeHRMQA.ReusableComponent@6fa51cd4]" started-at="2024-01-20T15:20:12 IST" name="browserInitialization" finished-at="2024-01-20T15:20:47 IST" duration-ms="34471" status="PASS">
          <reporter-output>
          </reporter-output>
        </test-method> <!-- browserInitialization -->
        <test-method signature="login(java.lang.String,java.lang.String)[pri:0, instance:OrangeHRMQA.ReusableComponent@6fa51cd4]" started-at="2024-01-20T15:20:47 IST" name="login" finished-at="2024-01-20T15:20:55 IST" duration-ms="8206" status="PASS">
          <params>
            <param index="0">
              <value>
                <![CDATA[Admin]]>
              </value>
            </param>
            <param index="1">
              <value>
                <![CDATA[admin123]]>
              </value>
            </param>
          </params>
          <reporter-output>
          </reporter-output>
        </test-method> <!-- login -->
        <test-method signature="dashboardAssertionUponLogin()[pri:1, instance:OrangeHRMQA.ReusableComponent@6fa51cd4]" started-at="2024-01-20T15:20:55 IST" name="dashboardAssertionUponLogin" finished-at="2024-01-20T15:20:55 IST" duration-ms="74" status="PASS">
          <reporter-output>
          </reporter-output>
        </test-method> <!-- dashboardAssertionUponLogin -->
        <test-method signature="navigateToLeavesScreen()[pri:2, instance:OrangeHRMQA.ReusableComponent@6fa51cd4]" started-at="2024-01-20T15:20:55 IST" name="navigateToLeavesScreen" finished-at="2024-01-20T15:21:00 IST" duration-ms="4726" status="PASS">
          <reporter-output>
          </reporter-output>
        </test-method> <!-- navigateToLeavesScreen -->
        <test-method signature="generateMyLeaveReport()[pri:3, instance:OrangeHRMQA.ReusableComponent@6fa51cd4]" started-at="2024-01-20T15:21:00 IST" name="generateMyLeaveReport" finished-at="2024-01-20T15:21:15 IST" duration-ms="15292" status="PASS">
          <reporter-output>
          </reporter-output>
        </test-method> <!-- generateMyLeaveReport -->
        <test-method is-config="true" signature="browserTearDown()[pri:0, instance:OrangeHRMQA.ReusableComponent@6fa51cd4]" started-at="2024-01-20T15:21:15 IST" name="browserTearDown" finished-at="2024-01-20T15:21:15 IST" duration-ms="324" status="PASS">
          <reporter-output>
          </reporter-output>
        </test-method> <!-- browserTearDown -->
      </class> <!-- OrangeHRMQA.ReusableComponent -->
    </test> <!-- GenerateMyLeaveReport -->
  </suite> <!-- Suite -->
</testng-results>
